#
# A fatal error has been detected by the Java Runtime Environment:
#
#  SIGSEGV (0xb) at pc=0x0000000107a46908, pid=15151, tid=16899
#
# JRE version: Java(TM) SE Runtime Environment (8.0_65-b17) (build 1.8.0_65-b17)
# Java VM: Java HotSpot(TM) 64-Bit Server VM (25.65-b01 mixed mode bsd-amd64 compressed oops)
# Problematic frame:
# V  [libjvm.dylib+0x446908]
#
# Failed to write core dump. Core dumps have been disabled. To enable core dumping, try "ulimit -c unlimited" before starting Java again
#
# If you would like to submit a bug report, please visit:
#   http://bugreport.java.com/bugreport/crash.jsp
#

---------------  T H R E A D  ---------------

Current thread (0x00007fa382001800):  JavaThread "JDWP Transport Listener: dt_socket" daemon [_thread_in_vm, id=16899, stack(0x0000700000ab8000,0x0000700000bb8000)]

siginfo: si_signo: 11 (SIGSEGV), si_code: 0 (unknown), si_addr: 0x0000000000000000

Registers:
RAX=0x0000000000000001, RBX=0x0000700000bb7a8b, RCX=0x0000000107e15310, RDX=0x0000700000bb7a8b
RSP=0x0000700000bb79d0, RBP=0x0000700000bb79e0, RSI=0x00007fa382001800, RDI=0x0040010800000007
R8 =0x0000000000000002, R9 =0x00007fa3807169d0, R10=0x0000000081b602e0, R11=0x00007fa380700000
R12=0x00007fa382001800, R13=0x0040010800000007, R14=0x0040010800000007, R15=0x00007fa380404670
RIP=0x0000000107a46908, EFLAGS=0x0000000000010202, ERR=0x0000000000000000
  TRAPNO=0x000000000000000d

Top of Stack: (sp=0x0000700000bb79d0)
0x0000700000bb79d0:   0000700000bb7a8b 0000700000bb7a8b
0x0000700000bb79e0:   0000700000bb7a40 0000000107955a02
0x0000700000bb79f0:   00007fa382001800 0000000000000000
0x0000700000bb7a00:   0000000000000000 0000000000000000
0x0000700000bb7a10:   00007fa382001800 00007fa382001800
0x0000700000bb7a20:   0000700000bb7a8b 0000700000bb7a90
0x0000700000bb7a30:   0040010800000007 000000000000004b
0x0000700000bb7a40:   0000700000bb7a60 0000000106ce2780
0x0000700000bb7a50:   0000000000000001 0000700000bb7b08
0x0000700000bb7a60:   0000700000bb7ad0 0000000106cc71f3
0x0000700000bb7a70:   0000700000bb7aa0 00007fa38070e430
0x0000700000bb7a80:   0000004c00000032 0000000a00bb7b08
0x0000700000bb7a90:   0000000000000000 0000000000000000
0x0000700000bb7aa0:   0000000000000000 0000700000bb7c90
0x0000700000bb7ab0:   0000000106ce9e7a 00007fa380711290
0x0000700000bb7ac0:   0000700000bb7b08 0000000106cf5598
0x0000700000bb7ad0:   0000700000bb7ae0 0000000106cc72ec
0x0000700000bb7ae0:   0000700000bb7d00 0000000106cd0898
0x0000700000bb7af0:   00000b6000000013 00000000000f0200
0x0000700000bb7b00:   00007fa380716600 00007fa3820492ec
0x0000700000bb7b10:   00007fa3000001d4 00007fa380713ba0
0x0000700000bb7b20:   000000000000012c 0000700000bb7b58
0x0000700000bb7b30:   00007fa380716900 0000000000000000
0x0000700000bb7b40:   00000b600000001c 00007fff0000cc80
0x0000700000bb7b50:   0000700000bb7b58 a37f00004c000000
0x0000700000bb7b60:   0800000078cb5180 3e74696e696c633c
0x0000700000bb7b70:   0056292803000000 0008000000000000
0x0000700000bb7b80:   0070cb5180a37f00 74696e693c060000
0x0000700000bb7b90:   562928030000003e 0100000000000000
0x0000700000bb7ba0:   80cb5180a37f0000 6e69616d04000000
0x0000700000bb7bb0:   6a4c5b2816000000 676e616c2f617661
0x0000700000bb7bc0:   3b676e697274532f 0000000000005629 

Instructions: (pc=0x0000000107a46908)
0x0000000107a468e8:   40 48 48 85 c0 75 e0 30 c0 0f b6 c0 5d c3 31 c0
0x0000000107a468f8:   5d c3 55 48 89 e5 53 48 83 ec 08 48 85 ff 74 24
0x0000000107a46908:   48 8b 1f 48 85 db 74 1c 48 83 fb 37 74 16 48 8b
0x0000000107a46918:   03 48 89 df ff 50 10 84 c0 b8 00 00 00 00 48 0f 

Register to memory mapping:

RAX=0x0000000000000001 is an unknown value
RBX=0x0000700000bb7a8b is pointing into the stack for thread: 0x00007fa382001800
RCX=0x0000000107e15310: UseMembar+0 in /Library/Java/JavaVirtualMachines/jdk1.8.0_65.jdk/Contents/Home/jre/lib/server/libjvm.dylib at 0x0000000107600000
RDX=0x0000700000bb7a8b is pointing into the stack for thread: 0x00007fa382001800
RSP=0x0000700000bb79d0 is pointing into the stack for thread: 0x00007fa382001800
RBP=0x0000700000bb79e0 is pointing into the stack for thread: 0x00007fa382001800
RSI=0x00007fa382001800 is a thread
RDI=0x0040010800000007 is an unknown value
R8 =0x0000000000000002 is an unknown value
R9 =0x00007fa3807169d0 is an unknown value
R10=0x0000000081b602e0 is an unknown value
R11=0x00007fa380700000 is an unknown value
R12=0x00007fa382001800 is a thread
R13=0x0040010800000007 is an unknown value
R14=0x0040010800000007 is an unknown value
R15=0x00007fa380404670 is an unknown value


Stack: [0x0000700000ab8000,0x0000700000bb8000],  sp=0x0000700000bb79d0,  free space=1022k
Native frames: (J=compiled Java code, j=interpreted, Vv=VM code, C=native code)
V  [libjvm.dylib+0x446908]
V  [libjvm.dylib+0x355a02]
C  [libjdwp.dylib+0x20780]  isMethodSynthetic+0x63
C  [libjdwp.dylib+0x51f3]  methods1+0x10b
C  [libjdwp.dylib+0x52ec]  methodsWithGeneric+0xe
C  [libjdwp.dylib+0xe898]  debugLoop_run+0x1ce
C  [libjdwp.dylib+0x1f6ba]  attachThread+0x4d
V  [libjvm.dylib+0x396d60]
V  [libjvm.dylib+0x5612d3]
V  [libjvm.dylib+0x5629ce]
V  [libjvm.dylib+0x48342e]
C  [libsystem_pthread.dylib+0x399d]  _pthread_body+0x83
C  [libsystem_pthread.dylib+0x391a]  _pthread_body+0x0
C  [libsystem_pthread.dylib+0x1351]  thread_start+0xd
C  0x0000000000000000


---------------  P R O C E S S  ---------------

Java Threads: ( => current thread )
  0x00007fa380805000 JavaThread "Service Thread" daemon [_thread_blocked, id=19971, stack(0x00007000010ca000,0x00007000011ca000)]
  0x00007fa380823800 JavaThread "C1 CompilerThread2" daemon [_thread_blocked, id=19459, stack(0x0000700000fc7000,0x00007000010c7000)]
  0x00007fa381053800 JavaThread "C2 CompilerThread1" daemon [_thread_blocked, id=18947, stack(0x0000700000ec4000,0x0000700000fc4000)]
  0x00007fa38200e800 JavaThread "C2 CompilerThread0" daemon [_thread_blocked, id=18435, stack(0x0000700000dc1000,0x0000700000ec1000)]
  0x00007fa38200e000 JavaThread "JDWP Command Reader" daemon [_thread_in_native, id=17923, stack(0x0000700000cbe000,0x0000700000dbe000)]
  0x00007fa382001000 JavaThread "JDWP Event Helper Thread" daemon [_thread_blocked, id=17411, stack(0x0000700000bbb000,0x0000700000cbb000)]
=>0x00007fa382001800 JavaThread "JDWP Transport Listener: dt_socket" daemon [_thread_in_vm, id=16899, stack(0x0000700000ab8000,0x0000700000bb8000)]
  0x00007fa38103c000 JavaThread "Signal Dispatcher" daemon [_thread_blocked, id=12815, stack(0x00007000009b5000,0x0000700000ab5000)]
  0x00007fa381047800 JavaThread "Finalizer" daemon [_thread_blocked, id=12291, stack(0x000070000082f000,0x000070000092f000)]
  0x00007fa381047000 JavaThread "Reference Handler" daemon [_thread_blocked, id=11779, stack(0x000070000072c000,0x000070000082c000)]
  0x00007fa380807000 JavaThread "main" [_thread_in_native, id=5891, stack(0x000070000011a000,0x000070000021a000)]

Other Threads:
  0x00007fa381800800 VMThread [stack: 0x0000700000629000,0x0000700000729000] [id=11267]
  0x00007fa38200a000 WatcherThread [stack: 0x00007000011cd000,0x00007000012cd000] [id=20483]

VM state:not at safepoint (normal execution)

VM Mutex/Monitor currently owned by a thread: None

Heap:
 PSYoungGen      total 38400K, used 3328K [0x0000000795580000, 0x0000000798000000, 0x00000007c0000000)
  eden space 33280K, 10% used [0x0000000795580000,0x00000007958c01c8,0x0000000797600000)
  from space 5120K, 0% used [0x0000000797b00000,0x0000000797b00000,0x0000000798000000)
  to   space 5120K, 0% used [0x0000000797600000,0x0000000797600000,0x0000000797b00000)
 ParOldGen       total 87552K, used 0K [0x0000000740000000, 0x0000000745580000, 0x0000000795580000)
  object space 87552K, 0% used [0x0000000740000000,0x0000000740000000,0x0000000745580000)
 Metaspace       used 3900K, capacity 4754K, committed 4864K, reserved 1056768K
  class space    used 430K, capacity 462K, committed 512K, reserved 1048576K

Card table byte_map: [0x0000000117949000,0x0000000117d4a000] byte_map_base: 0x0000000113f49000

Marking Bits: (ParMarkBitMap*) 0x0000000107edee20
 Begin Bits: [0x0000000117ff5000, 0x0000000119ff5000)
 End Bits:   [0x0000000119ff5000, 0x000000011bff5000)

Polling page: 0x0000000106cc1000

CodeCache: size=245760Kb used=1172Kb max_used=1172Kb free=244587Kb
 bounds [0x0000000108589000, 0x00000001087f9000, 0x0000000117589000]
 total_blobs=316 nmethods=56 adapters=182
 compilation: enabled

Compilation events (10 events):
Event: 0.233 Thread 0x00007fa380823800   52       3       java.util.regex.Pattern$Slice::match (79 bytes)
Event: 0.234 Thread 0x00007fa380823800 nmethod 52 0x00000001086ac910 code [0x00000001086acaa0, 0x00000001086acf58]
Event: 0.234 Thread 0x00007fa380823800   53       3       java.lang.Character::charCount (12 bytes)
Event: 0.234 Thread 0x00007fa380823800 nmethod 53 0x00000001086ad150 code [0x00000001086ad2c0, 0x00000001086ad450]
Event: 0.234 Thread 0x00007fa380823800   54       3       java.lang.Character::isHighSurrogate (18 bytes)
Event: 0.234 Thread 0x00007fa380823800 nmethod 54 0x00000001086ad4d0 code [0x00000001086ad640, 0x00000001086ad810]
Event: 0.234 Thread 0x00007fa380823800   55       3       java.util.regex.Pattern::peek (26 bytes)
Event: 0.234 Thread 0x00007fa380823800 nmethod 55 0x00000001086ad890 code [0x00000001086ada20, 0x00000001086adce8]
Event: 0.234 Thread 0x00007fa380823800   56       3       java.util.regex.Pattern::isSupplementary (20 bytes)
Event: 0.234 Thread 0x00007fa380823800 nmethod 56 0x00000001086ade10 code [0x00000001086adf80, 0x00000001086ae250]

GC Heap History (0 events):
No events

Deoptimization events (0 events):
No events

Internal exceptions (6 events):
Event: 0.045 Thread 0x00007fa380807000 Exception <a 'java/lang/NoSuchMethodError': Method sun.misc.Unsafe.defineClass(Ljava/lang/String;[BII)Ljava/lang/Class; name or signature does not match> (0x0000000795592f10) thrown at [/Users/java_re/workspace/8-2-build-macosx-x86_64/jdk8u65/4987/hotspot
Event: 0.046 Thread 0x00007fa380807000 Exception <a 'java/lang/NoSuchMethodError': Method sun.misc.Unsafe.prefetchRead(Ljava/lang/Object;J)V name or signature does not match> (0x00000007955931f8) thrown at [/Users/java_re/workspace/8-2-build-macosx-x86_64/jdk8u65/4987/hotspot/src/share/vm/prim
Event: 0.200 Thread 0x00007fa380807000 Exception <a 'java/security/PrivilegedActionException'> (0x000000079581c818) thrown at [/Users/java_re/workspace/8-2-build-macosx-x86_64/jdk8u65/4987/hotspot/src/share/vm/prims/jvm.cpp, line 1386]
Event: 0.200 Thread 0x00007fa380807000 Exception <a 'java/security/PrivilegedActionException'> (0x000000079581ca28) thrown at [/Users/java_re/workspace/8-2-build-macosx-x86_64/jdk8u65/4987/hotspot/src/share/vm/prims/jvm.cpp, line 1386]
Event: 0.201 Thread 0x00007fa380807000 Exception <a 'java/security/PrivilegedActionException'> (0x000000079581feb0) thrown at [/Users/java_re/workspace/8-2-build-macosx-x86_64/jdk8u65/4987/hotspot/src/share/vm/prims/jvm.cpp, line 1386]
Event: 0.201 Thread 0x00007fa380807000 Exception <a 'java/security/PrivilegedActionException'> (0x00000007958200c0) thrown at [/Users/java_re/workspace/8-2-build-macosx-x86_64/jdk8u65/4987/hotspot/src/share/vm/prims/jvm.cpp, line 1386]

Events (10 events):
Event: 288.985 Executing VM operation: ChangeBreakpoints
Event: 288.985 Executing VM operation: ChangeBreakpoints done
Event: 288.990 Executing VM operation: ChangeBreakpoints
Event: 288.990 Executing VM operation: ChangeBreakpoints done
Event: 288.996 Executing VM operation: ChangeBreakpoints
Event: 288.996 Executing VM operation: ChangeBreakpoints done
Event: 289.002 Executing VM operation: ChangeBreakpoints
Event: 289.002 Executing VM operation: ChangeBreakpoints done
Event: 476.499 Executing VM operation: RedefineClasses
Event: 476.499 Executing VM operation: RedefineClasses done


Dynamic libraries:
0x000000000802b000 	/System/Library/Frameworks/Cocoa.framework/Versions/A/Cocoa
0x000000000802b000 	/System/Library/Frameworks/Security.framework/Versions/A/Security
0x000000000802b000 	/System/Library/Frameworks/ApplicationServices.framework/Versions/A/ApplicationServices
0x000000000802b000 	/usr/lib/libz.1.dylib
0x000000000802b000 	/usr/lib/libSystem.B.dylib
0x000000000802b000 	/usr/lib/libobjc.A.dylib
0x000000000802b000 	/System/Library/Frameworks/CoreFoundation.framework/Versions/A/CoreFoundation
0x000000000802b000 	/System/Library/Frameworks/Foundation.framework/Versions/C/Foundation
0x000000000802b000 	/System/Library/Frameworks/AppKit.framework/Versions/C/AppKit
0x000000000802b000 	/System/Library/Frameworks/CoreData.framework/Versions/A/CoreData
0x000000000802b000 	/System/Library/PrivateFrameworks/RemoteViewServices.framework/Versions/A/RemoteViewServices
0x000000000802b000 	/System/Library/PrivateFrameworks/UIFoundation.framework/Versions/A/UIFoundation
0x000000000802b000 	/usr/lib/libScreenReader.dylib
0x000000000802b000 	/System/Library/Frameworks/Accelerate.framework/Versions/A/Accelerate
0x000000000802b000 	/System/Library/Frameworks/IOSurface.framework/Versions/A/IOSurface
0x000000000802b000 	/System/Library/Frameworks/AudioToolbox.framework/Versions/A/AudioToolbox
0x000000000802b000 	/System/Library/Frameworks/AudioUnit.framework/Versions/A/AudioUnit
0x000000000802b000 	/System/Library/PrivateFrameworks/DataDetectorsCore.framework/Versions/A/DataDetectorsCore
0x000000000802b000 	/System/Library/PrivateFrameworks/DesktopServicesPriv.framework/Versions/A/DesktopServicesPriv
0x000000000802b000 	/System/Library/Frameworks/Carbon.framework/Versions/A/Frameworks/HIToolbox.framework/Versions/A/HIToolbox
0x000000000802b000 	/System/Library/Frameworks/QuartzCore.framework/Versions/A/QuartzCore
0x000000000802b000 	/System/Library/Frameworks/Carbon.framework/Versions/A/Frameworks/SpeechRecognition.framework/Versions/A/SpeechRecognition
0x000000000802b000 	/usr/lib/libauto.dylib
0x000000000802b000 	/usr/lib/libicucore.A.dylib
0x000000000802b000 	/usr/lib/libxml2.2.dylib
0x000000000802b000 	/System/Library/PrivateFrameworks/CoreUI.framework/Versions/A/CoreUI
0x000000000802b000 	/System/Library/Frameworks/CoreAudio.framework/Versions/A/CoreAudio
0x000000000802b000 	/System/Library/Frameworks/DiskArbitration.framework/Versions/A/DiskArbitration
0x000000000802b000 	/usr/lib/liblangid.dylib
0x000000000802b000 	/System/Library/PrivateFrameworks/MultitouchSupport.framework/Versions/A/MultitouchSupport
0x000000000802b000 	/System/Library/Frameworks/IOKit.framework/Versions/A/IOKit
0x000000000802b000 	/usr/lib/libDiagnosticMessagesClient.dylib
0x000000000802b000 	/System/Library/Frameworks/CoreServices.framework/Versions/A/CoreServices
0x000000000802b000 	/System/Library/PrivateFrameworks/PerformanceAnalysis.framework/Versions/A/PerformanceAnalysis
0x000000000802b000 	/System/Library/PrivateFrameworks/GenerationalStorage.framework/Versions/A/GenerationalStorage
0x000000000802b000 	/System/Library/Frameworks/OpenGL.framework/Versions/A/OpenGL
0x000000000802b000 	/System/Library/PrivateFrameworks/Sharing.framework/Versions/A/Sharing
0x000000000802b000 	/System/Library/Frameworks/CoreGraphics.framework/Versions/A/CoreGraphics
0x000000000802b000 	/System/Library/Frameworks/CoreImage.framework/Versions/A/CoreImage
0x000000000802b000 	/System/Library/Frameworks/CoreText.framework/Versions/A/CoreText
0x000000000802b000 	/System/Library/Frameworks/ImageIO.framework/Versions/A/ImageIO
0x000000000802b000 	/System/Library/PrivateFrameworks/Backup.framework/Versions/A/Backup
0x000000000802b000 	/usr/lib/libextension.dylib
0x000000000802b000 	/usr/lib/libarchive.2.dylib
0x000000000802b000 	/System/Library/Frameworks/CFNetwork.framework/Versions/A/CFNetwork
0x000000000802b000 	/System/Library/Frameworks/SystemConfiguration.framework/Versions/A/SystemConfiguration
0x000000000802b000 	/usr/lib/libCRFSuite.dylib
0x000000000802b000 	/usr/lib/libc++.1.dylib
0x000000000802b000 	/usr/lib/libc++abi.dylib
0x000000000802b000 	/usr/lib/system/libcache.dylib
0x000000000802b000 	/usr/lib/system/libcommonCrypto.dylib
0x000000000802b000 	/usr/lib/system/libcompiler_rt.dylib
0x000000000802b000 	/usr/lib/system/libcopyfile.dylib
0x000000000802b000 	/usr/lib/system/libcorecrypto.dylib
0x000000000802b000 	/usr/lib/system/libdispatch.dylib
0x000000000802b000 	/usr/lib/system/libdyld.dylib
0x000000000802b000 	/usr/lib/system/libkeymgr.dylib
0x000000000802b000 	/usr/lib/system/liblaunch.dylib
0x000000000802b000 	/usr/lib/system/libmacho.dylib
0x000000000802b000 	/usr/lib/system/libquarantine.dylib
0x000000000802b000 	/usr/lib/system/libremovefile.dylib
0x000000000802b000 	/usr/lib/system/libsystem_asl.dylib
0x000000000802b000 	/usr/lib/system/libsystem_blocks.dylib
0x000000000802b000 	/usr/lib/system/libsystem_c.dylib
0x000000000802b000 	/usr/lib/system/libsystem_configuration.dylib
0x000000000802b000 	/usr/lib/system/libsystem_coreservices.dylib
0x000000000802b000 	/usr/lib/system/libsystem_coretls.dylib
0x000000000802b000 	/usr/lib/system/libsystem_dnssd.dylib
0x000000000802b000 	/usr/lib/system/libsystem_info.dylib
0x000000000802b000 	/usr/lib/system/libsystem_kernel.dylib
0x000000000802b000 	/usr/lib/system/libsystem_m.dylib
0x000000000802b000 	/usr/lib/system/libsystem_malloc.dylib
0x000000000802b000 	/usr/lib/system/libsystem_network.dylib
0x000000000802b000 	/usr/lib/system/libsystem_networkextension.dylib
0x000000000802b000 	/usr/lib/system/libsystem_notify.dylib
0x000000000802b000 	/usr/lib/system/libsystem_platform.dylib
0x000000000802b000 	/usr/lib/system/libsystem_pthread.dylib
0x000000000802b000 	/usr/lib/system/libsystem_sandbox.dylib
0x000000000802b000 	/usr/lib/system/libsystem_secinit.dylib
0x000000000802b000 	/usr/lib/system/libsystem_trace.dylib
0x000000000802b000 	/usr/lib/system/libunc.dylib
0x000000000802b000 	/usr/lib/system/libunwind.dylib
0x000000000802b000 	/usr/lib/system/libxpc.dylib
0x000000000802b000 	/usr/lib/libenergytrace.dylib
0x000000000802b000 	/usr/lib/libbsm.0.dylib
0x000000000802b000 	/usr/lib/system/libkxld.dylib
0x000000000802b000 	/usr/lib/libxar.1.dylib
0x000000000802b000 	/usr/lib/libsqlite3.dylib
0x000000000802b000 	/usr/lib/libpam.2.dylib
0x000000000802b000 	/usr/lib/libOpenScriptingUtil.dylib
0x000000000802b000 	/usr/lib/libbz2.1.0.dylib
0x000000000802b000 	/usr/lib/liblzma.5.dylib
0x000000000802b000 	/System/Library/Frameworks/CoreServices.framework/Versions/A/Frameworks/FSEvents.framework/Versions/A/FSEvents
0x000000000802b000 	/System/Library/Frameworks/CoreServices.framework/Versions/A/Frameworks/CarbonCore.framework/Versions/A/CarbonCore
0x000000000802b000 	/System/Library/Frameworks/CoreServices.framework/Versions/A/Frameworks/Metadata.framework/Versions/A/Metadata
0x000000000802b000 	/System/Library/Frameworks/CoreServices.framework/Versions/A/Frameworks/OSServices.framework/Versions/A/OSServices
0x000000000802b000 	/System/Library/Frameworks/CoreServices.framework/Versions/A/Frameworks/SearchKit.framework/Versions/A/SearchKit
0x000000000802b000 	/System/Library/Frameworks/CoreServices.framework/Versions/A/Frameworks/AE.framework/Versions/A/AE
0x000000000802b000 	/System/Library/Frameworks/CoreServices.framework/Versions/A/Frameworks/LaunchServices.framework/Versions/A/LaunchServices
0x000000000802b000 	/System/Library/Frameworks/CoreServices.framework/Versions/A/Frameworks/DictionaryServices.framework/Versions/A/DictionaryServices
0x000000000802b000 	/System/Library/Frameworks/CoreServices.framework/Versions/A/Frameworks/SharedFileList.framework/Versions/A/SharedFileList
0x000000000802b000 	/System/Library/Frameworks/NetFS.framework/Versions/A/NetFS
0x000000000802b000 	/System/Library/PrivateFrameworks/NetAuth.framework/Versions/A/NetAuth
0x000000000802b000 	/System/Library/PrivateFrameworks/login.framework/Versions/A/Frameworks/loginsupport.framework/Versions/A/loginsupport
0x000000000802b000 	/System/Library/PrivateFrameworks/TCC.framework/Versions/A/TCC
0x000000000802b000 	/usr/lib/libmecabra.dylib
0x000000000802b000 	/System/Library/Frameworks/ApplicationServices.framework/Versions/A/Frameworks/ATS.framework/Versions/A/ATS
0x000000000802b000 	/System/Library/Frameworks/ApplicationServices.framework/Versions/A/Frameworks/ColorSync.framework/Versions/A/ColorSync
0x000000000802b000 	/System/Library/Frameworks/ApplicationServices.framework/Versions/A/Frameworks/HIServices.framework/Versions/A/HIServices
0x000000000802b000 	/System/Library/Frameworks/ApplicationServices.framework/Versions/A/Frameworks/LangAnalysis.framework/Versions/A/LangAnalysis
0x000000000802b000 	/System/Library/Frameworks/ApplicationServices.framework/Versions/A/Frameworks/PrintCore.framework/Versions/A/PrintCore
0x000000000802b000 	/System/Library/Frameworks/ApplicationServices.framework/Versions/A/Frameworks/QD.framework/Versions/A/QD
0x000000000802b000 	/System/Library/Frameworks/ApplicationServices.framework/Versions/A/Frameworks/SpeechSynthesis.framework/Versions/A/SpeechSynthesis
0x000000000802b000 	/System/Library/Frameworks/Metal.framework/Versions/A/Metal
0x000000000802b000 	/System/Library/Frameworks/Accelerate.framework/Versions/A/Frameworks/vImage.framework/Versions/A/vImage
0x000000000802b000 	/System/Library/Frameworks/Accelerate.framework/Versions/A/Frameworks/vecLib.framework/Versions/A/vecLib
0x000000000802b000 	/System/Library/Frameworks/Accelerate.framework/Versions/A/Frameworks/vecLib.framework/Versions/A/libvDSP.dylib
0x000000000802b000 	/System/Library/Frameworks/Accelerate.framework/Versions/A/Frameworks/vecLib.framework/Versions/A/libvMisc.dylib
0x000000000802b000 	/System/Library/Frameworks/Accelerate.framework/Versions/A/Frameworks/vecLib.framework/Versions/A/libLAPACK.dylib
0x000000000802b000 	/System/Library/Frameworks/Accelerate.framework/Versions/A/Frameworks/vecLib.framework/Versions/A/libBLAS.dylib
0x000000000802b000 	/System/Library/Frameworks/Accelerate.framework/Versions/A/Frameworks/vecLib.framework/Versions/A/libLinearAlgebra.dylib
0x000000000802b000 	/System/Library/Frameworks/Accelerate.framework/Versions/A/Frameworks/vecLib.framework/Versions/A/libSparseBLAS.dylib
0x000000000802b000 	/System/Library/PrivateFrameworks/GPUCompiler.framework/libmetal_timestamp.dylib
0x000000000802b000 	/System/Library/Frameworks/OpenGL.framework/Versions/A/Libraries/libCoreFSCache.dylib
0x000000000802b000 	/System/Library/PrivateFrameworks/IOAccelerator.framework/Versions/A/IOAccelerator
0x000000000802b000 	/System/Library/Frameworks/ApplicationServices.framework/Versions/A/Frameworks/ATS.framework/Versions/A/Resources/libFontParser.dylib
0x000000000802b000 	/System/Library/Frameworks/ApplicationServices.framework/Versions/A/Frameworks/ATS.framework/Versions/A/Resources/libFontRegistry.dylib
0x000000000802b000 	/System/Library/PrivateFrameworks/AppleVPA.framework/Versions/A/AppleVPA
0x000000000802b000 	/System/Library/PrivateFrameworks/AppleJPEG.framework/Versions/A/AppleJPEG
0x000000000802b000 	/System/Library/Frameworks/ImageIO.framework/Versions/A/Resources/libJPEG.dylib
0x000000000802b000 	/System/Library/Frameworks/ImageIO.framework/Versions/A/Resources/libTIFF.dylib
0x000000000802b000 	/System/Library/Frameworks/ImageIO.framework/Versions/A/Resources/libPng.dylib
0x000000000802b000 	/System/Library/Frameworks/ImageIO.framework/Versions/A/Resources/libGIF.dylib
0x000000000802b000 	/System/Library/Frameworks/ImageIO.framework/Versions/A/Resources/libJP2.dylib
0x000000000802b000 	/System/Library/Frameworks/ImageIO.framework/Versions/A/Resources/libRadiance.dylib
0x000000000802b000 	/System/Library/Frameworks/CoreVideo.framework/Versions/A/CoreVideo
0x000000000802b000 	/System/Library/Frameworks/OpenGL.framework/Versions/A/Libraries/libGLU.dylib
0x000000000802b000 	/System/Library/Frameworks/OpenGL.framework/Versions/A/Libraries/libGFXShared.dylib
0x000000000802b000 	/System/Library/Frameworks/OpenGL.framework/Versions/A/Libraries/libGL.dylib
0x000000000802b000 	/System/Library/Frameworks/OpenGL.framework/Versions/A/Libraries/libGLImage.dylib
0x000000000802b000 	/System/Library/Frameworks/OpenGL.framework/Versions/A/Libraries/libCVMSPluginSupport.dylib
0x000000000802b000 	/System/Library/Frameworks/OpenGL.framework/Versions/A/Libraries/libCoreVMClient.dylib
0x000000000802b000 	/usr/lib/libcompression.dylib
0x000000000802b000 	/usr/lib/libcups.2.dylib
0x000000000802b000 	/System/Library/Frameworks/Kerberos.framework/Versions/A/Kerberos
0x000000000802b000 	/System/Library/Frameworks/GSS.framework/Versions/A/GSS
0x000000000802b000 	/usr/lib/libresolv.9.dylib
0x000000000802b000 	/usr/lib/libiconv.2.dylib
0x000000000802b000 	/System/Library/PrivateFrameworks/Heimdal.framework/Versions/A/Heimdal
0x000000000802b000 	/usr/lib/libheimdal-asn1.dylib
0x000000000802b000 	/System/Library/Frameworks/OpenDirectory.framework/Versions/A/OpenDirectory
0x000000000802b000 	/System/Library/PrivateFrameworks/CommonAuth.framework/Versions/A/CommonAuth
0x000000000802b000 	/System/Library/Frameworks/OpenDirectory.framework/Versions/A/Frameworks/CFOpenDirectory.framework/Versions/A/CFOpenDirectory
0x000000000802b000 	/System/Library/Frameworks/SecurityFoundation.framework/Versions/A/SecurityFoundation
0x000000000802b000 	/System/Library/PrivateFrameworks/LanguageModeling.framework/Versions/A/LanguageModeling
0x000000000802b000 	/usr/lib/libmarisa.dylib
0x000000000802b000 	/usr/lib/libChineseTokenizer.dylib
0x000000000802b000 	/usr/lib/libcmph.dylib
0x000000000802b000 	/System/Library/Frameworks/ServiceManagement.framework/Versions/A/ServiceManagement
0x000000000802b000 	/usr/lib/libxslt.1.dylib
0x000000000802b000 	/System/Library/Frameworks/Carbon.framework/Versions/A/Frameworks/Ink.framework/Versions/A/Ink
0x000000000802b000 	/usr/lib/libFosl_dynamic.dylib
0x000000000802b000 	/System/Library/PrivateFrameworks/FaceCore.framework/Versions/A/FaceCore
0x000000000802b000 	/System/Library/Frameworks/OpenCL.framework/Versions/A/OpenCL
0x000000000802b000 	/System/Library/PrivateFrameworks/CrashReporterSupport.framework/Versions/A/CrashReporterSupport
0x000000000802b000 	/System/Library/PrivateFrameworks/IconServices.framework/Versions/A/IconServices
0x000000000802b000 	/System/Library/PrivateFrameworks/Apple80211.framework/Versions/A/Apple80211
0x000000000802b000 	/System/Library/Frameworks/CoreWLAN.framework/Versions/A/CoreWLAN
0x000000000802b000 	/System/Library/Frameworks/IOBluetooth.framework/Versions/A/IOBluetooth
0x000000000802b000 	/System/Library/PrivateFrameworks/CoreWiFi.framework/Versions/A/CoreWiFi
0x000000000802b000 	/System/Library/Frameworks/CoreBluetooth.framework/Versions/A/CoreBluetooth
0x000000000802b000 	/System/Library/PrivateFrameworks/ChunkingLibrary.framework/Versions/A/ChunkingLibrary
0x000000000802b000 	/System/Library/PrivateFrameworks/DebugSymbols.framework/Versions/A/DebugSymbols
0x000000000802b000 	/System/Library/PrivateFrameworks/CoreSymbolication.framework/Versions/A/CoreSymbolication
0x000000000802b000 	/System/Library/PrivateFrameworks/Symbolication.framework/Versions/A/Symbolication
0x000000000802b000 	/System/Library/PrivateFrameworks/SpeechRecognitionCore.framework/Versions/A/SpeechRecognitionCore
0x0000000107600000 	/Library/Java/JavaVirtualMachines/jdk1.8.0_65.jdk/Contents/Home/jre/lib/server/libjvm.dylib
0x000000000802b000 	/usr/lib/libstdc++.6.dylib
0x0000000106c7e000 	/Library/Java/JavaVirtualMachines/jdk1.8.0_65.jdk/Contents/Home/jre/lib/libverify.dylib
0x0000000106c8c000 	/Library/Java/JavaVirtualMachines/jdk1.8.0_65.jdk/Contents/Home/jre/lib/libjava.dylib
0x0000000106cc2000 	/Library/Java/JavaVirtualMachines/jdk1.8.0_65.jdk/Contents/Home/jre/lib/libjdwp.dylib
0x0000000106d0d000 	/Library/Java/JavaVirtualMachines/jdk1.8.0_65.jdk/Contents/Home/jre/lib/libnpt.dylib
0x0000000106d1a000 	/Library/Java/JavaVirtualMachines/jdk1.8.0_65.jdk/Contents/Home/jre/lib/libzip.dylib
0x000000011de20000 	/System/Library/Frameworks/JavaVM.framework/Frameworks/JavaRuntimeSupport.framework/JavaRuntimeSupport
0x000000011de3b000 	/System/Library/Frameworks/JavaVM.framework/Versions/A/Frameworks/JavaNativeFoundation.framework/Versions/A/JavaNativeFoundation
0x0000000106def000 	/System/Library/Frameworks/JavaVM.framework/Versions/A/JavaVM
0x000000000802b000 	/System/Library/Frameworks/Carbon.framework/Versions/A/Carbon
0x000000011de50000 	/System/Library/PrivateFrameworks/JavaLaunching.framework/Versions/A/JavaLaunching
0x000000000802b000 	/System/Library/Frameworks/Carbon.framework/Versions/A/Frameworks/CommonPanels.framework/Versions/A/CommonPanels
0x000000000802b000 	/System/Library/Frameworks/Carbon.framework/Versions/A/Frameworks/Help.framework/Versions/A/Help
0x000000000802b000 	/System/Library/Frameworks/Carbon.framework/Versions/A/Frameworks/ImageCapture.framework/Versions/A/ImageCapture
0x000000000802b000 	/System/Library/Frameworks/Carbon.framework/Versions/A/Frameworks/OpenScripting.framework/Versions/A/OpenScripting
0x000000000802b000 	/System/Library/Frameworks/Carbon.framework/Versions/A/Frameworks/Print.framework/Versions/A/Print
0x000000000802b000 	/System/Library/Frameworks/Carbon.framework/Versions/A/Frameworks/SecurityHI.framework/Versions/A/SecurityHI
0x000000011f76f000 	/Library/Java/JavaVirtualMachines/jdk1.8.0_65.jdk/Contents/Home/jre/lib/libdt_socket.dylib
0x000000011f778000 	/Library/Java/JavaVirtualMachines/jdk1.8.0_65.jdk/Contents/Home/jre/lib/libnio.dylib
0x000000011f788000 	/Library/Java/JavaVirtualMachines/jdk1.8.0_65.jdk/Contents/Home/jre/lib/./libnet.dylib

VM Arguments:
jvm_args: -agentlib:jdwp=transport=dt_socket,suspend=y,address=localhost:49727 -Dfile.encoding=UTF-8 
java_command: seedu.addressbook.AddressBook
java_class_path (initial): /Users/Bartek/Desktop/Software Engineering/T01/addressbook-level1-master/bin
Launcher Type: SUN_STANDARD

Environment Variables:
PATH=/usr/bin:/bin:/usr/sbin:/sbin
SHELL=/bin/bash
DISPLAY=/private/tmp/com.apple.launchd.4xz2gY7dfP/org.macosforge.xquartz:0

Signal Handlers:
SIGSEGV: [libjvm.dylib+0x5a6d31], sa_mask[0]=11111111011111110111111111111111, sa_flags=SA_ONSTACK|SA_RESTART|SA_SIGINFO
SIGBUS: [libjvm.dylib+0x5a6d31], sa_mask[0]=11111111011111110111111111111111, sa_flags=SA_RESTART|SA_SIGINFO
SIGFPE: [libjvm.dylib+0x480a40], sa_mask[0]=11111111011111110111111111111111, sa_flags=SA_RESTART|SA_SIGINFO
SIGPIPE: [libjvm.dylib+0x480a40], sa_mask[0]=11111111011111110111111111111111, sa_flags=SA_RESTART|SA_SIGINFO
SIGXFSZ: [libjvm.dylib+0x480a40], sa_mask[0]=11111111011111110111111111111111, sa_flags=SA_RESTART|SA_SIGINFO
SIGILL: [libjvm.dylib+0x480a40], sa_mask[0]=11111111011111110111111111111111, sa_flags=SA_RESTART|SA_SIGINFO
SIGUSR1: SIG_DFL, sa_mask[0]=00000000000000000000000000000000, sa_flags=none
SIGUSR2: [libjvm.dylib+0x48055e], sa_mask[0]=00100000000000000000000000000000, sa_flags=SA_RESTART|SA_SIGINFO
SIGHUP: [libjvm.dylib+0x47eb35], sa_mask[0]=11111111011111110111111111111111, sa_flags=SA_RESTART|SA_SIGINFO
SIGINT: [libjvm.dylib+0x47eb35], sa_mask[0]=11111111011111110111111111111111, sa_flags=SA_RESTART|SA_SIGINFO
SIGTERM: [libjvm.dylib+0x47eb35], sa_mask[0]=11111111011111110111111111111111, sa_flags=SA_RESTART|SA_SIGINFO
SIGQUIT: [libjvm.dylib+0x47eb35], sa_mask[0]=11111111011111110111111111111111, sa_flags=SA_RESTART|SA_SIGINFO


---------------  S Y S T E M  ---------------

OS:Bsduname:Darwin 15.6.0 Darwin Kernel Version 15.6.0: Thu Jun 23 18:25:34 PDT 2016; root:xnu-3248.60.10~1/RELEASE_X86_64 x86_64
rlimit: STACK 8192k, CORE 0k, NPROC 709, NOFILE 10240, AS infinity
load average:1.92 2.09 2.19

CPU:total 4 (2 cores per cpu, 2 threads per core) family 6 model 61 stepping 4, cmov, cx8, fxsr, mmx, sse, sse2, sse3, ssse3, sse4.1, sse4.2, popcnt, avx, avx2, aes, clmul, erms, 3dnowpref, lzcnt, ht, tsc, tscinvbit, bmi1, bmi2, adx

Memory: 4k page, physical 8388608k(78048k free)

/proc/meminfo:


vm_info: Java HotSpot(TM) 64-Bit Server VM (25.65-b01) for bsd-amd64 JRE (1.8.0_65-b17), built on Oct  6 2015 15:36:46 by "java_re" with gcc 4.2.1 (Based on Apple Inc. build 5658) (LLVM build 2336.11.00)

time: Wed Aug 24 18:35:06 2016
elapsed time: 476 seconds (0d 0h 7m 56s)

